<?xml version="1.0" encoding="UTF-8"?>
<!-- Generated by org.testng.reporters.JUnitXMLReporter -->
<testsuite ignored="0" hostname="MYPC" failures="0" tests="1" name="Test" time="2.044" errors="0" timestamp="2022-07-15T22:36:51 IST">
  <testcase classname="Base.utilities.Baseclass" name="@BeforeTest setup" time="1.983">
    <failure type="java.lang.NoSuchMethodError" message="&amp;apos;org.openqa.selenium.WebDriver$Timeouts org.openqa.selenium.WebDriver$Timeouts.implicitlyWait(java.time.Duration)&amp;apos;">
      <![CDATA[java.lang.NoSuchMethodError: 'org.openqa.selenium.WebDriver$Timeouts org.openqa.selenium.WebDriver$Timeouts.implicitlyWait(java.time.Duration)'
at browserfactory.Browserclass.browserlaunch(Browserclass.java:39)
at Base.utilities.Baseclass.setup(Baseclass.java:21)
... Removed 24 stack frames]]>
    </failure>
  </testcase> <!-- @BeforeTest setup -->
  <testcase classname="Base.utilities.Baseclass" name="@AfterTest closedata" time="-1.657904811745E9">
    <skipped/>
  </testcase> <!-- @AfterTest closedata -->
  <testcase classname="Testcase.Login" name="loginpage" time="0.0">
    <skipped/>
  </testcase> <!-- loginpage -->
</testsuite> <!-- Test -->
